<?xml version="1.0"?>
<ruleset>
	<config name="testVersion" value="5.6-"/>
</ruleset>
